TN:
SF:lib/data/datasources/todo_datasource.dart
FNF:0
FNH:0
DA:8,2
DA:10,1
DA:11,1
DA:14,1
DA:15,2
DA:16,1
DA:19,1
DA:20,2
DA:21,1
DA:24,1
DA:25,4
DA:26,2
DA:27,1
LF:13
LH:13
end_of_record
TN:
SF:lib/data/models/__mock__/todo_item_model_mock.dart
FNF:0
FNH:0
DA:3,2
DA:4,2
DA:6,6
DA:7,4
DA:8,4
DA:9,4
LF:6
LH:6
end_of_record
TN:
SF:lib/data/models/todo_item_model.dart
FNF:0
FNH:0
DA:4,4
DA:8,4
LF:2
LH:2
end_of_record
TN:
SF:lib/data/repositories/todo_repository_impl.dart
FNF:0
FNH:0
DA:6,1
DA:10,1
DA:12,2
DA:15,1
DA:17,1
DA:18,2
DA:21,1
DA:23,1
DA:24,2
DA:27,1
DA:31,1
DA:32,2
LF:12
LH:12
end_of_record
TN:
SF:lib/domain/entities/__mock__/todo_item_entity_mock.dart
FNF:0
FNH:0
DA:3,4
DA:4,4
DA:6,12
DA:7,8
DA:8,8
DA:9,8
LF:6
LH:6
end_of_record
TN:
SF:lib/domain/entities/todo_item_entity.dart
FNF:0
FNH:0
DA:7,9
DA:13,2
DA:14,6
DA:16,1
DA:17,3
LF:5
LH:5
end_of_record
TN:
SF:lib/domain/usecases/todo_usecase.dart
FNF:0
FNH:0
DA:5,1
DA:9,1
DA:10,2
DA:13,1
DA:14,2
DA:17,1
DA:22,2
LF:7
LH:7
end_of_record
TN:
SF:lib/presentation/detail/bloc/todo_bloc.dart
FNF:0
FNH:0
DA:15,3
DA:20,1
DA:23,1
DA:24,2
DA:25,1
DA:26,2
DA:30,1
DA:31,4
DA:33,1
DA:34,1
DA:35,2
DA:36,1
DA:37,1
DA:40,1
DA:42,1
DA:43,1
DA:46,1
DA:47,4
DA:49,1
DA:50,4
DA:54,2
DA:57,1
DA:58,4
DA:60,2
DA:61,1
DA:63,1
DA:64,1
DA:67,1
DA:68,4
DA:70,1
DA:71,4
DA:74,2
LF:32
LH:32
end_of_record
TN:
SF:lib/presentation/detail/bloc/todo_event.dart
FNF:0
FNH:0
DA:7,3
DA:10,1
DA:11,2
DA:15,2
DA:20,1
DA:21,3
LF:6
LH:6
end_of_record
TN:
SF:lib/presentation/detail/bloc/todo_state.dart
FNF:0
FNH:0
DA:4,4
DA:9,6
DA:11,1
DA:12,2
DA:16,9
DA:20,2
DA:24,6
DA:28,2
LF:8
LH:8
end_of_record
TN:
SF:lib/presentation/detail/detail_page.dart
FNF:0
FNH:0
DA:14,0
DA:18,2
DA:19,2
DA:25,2
DA:27,2
DA:28,6
DA:29,10
DA:32,2
DA:34,4
DA:35,2
DA:38,2
DA:40,2
DA:42,2
DA:43,1
DA:44,1
DA:45,1
DA:48,2
DA:49,4
DA:50,2
DA:51,2
DA:52,2
DA:53,2
DA:55,1
DA:56,2
DA:57,1
DA:58,2
DA:59,1
DA:60,1
DA:61,1
DA:62,1
DA:63,2
DA:74,1
DA:75,3
DA:76,2
DA:82,1
DA:83,5
LF:36
LH:35
end_of_record
TN:
SF:lib/presentation/detail/widgets/placeholder_widget.dart
FNF:0
FNH:0
DA:7,3
DA:9,3
DA:10,3
DA:12,3
DA:13,3
DA:18,3
DA:20,3
DA:25,3
LF:8
LH:8
end_of_record
TN:
SF:lib/presentation/detail/widgets/todo_item_widget.dart
FNF:0
FNH:0
DA:5,2
DA:11,2
DA:18,2
DA:20,2
DA:22,2
DA:24,2
DA:25,2
DA:26,2
DA:27,2
DA:29,2
DA:30,2
DA:31,2
DA:37,2
DA:39,2
DA:40,2
DA:51,2
DA:54,2
DA:55,2
DA:56,6
LF:19
LH:19
end_of_record
TN:
SF:lib/presentation/home/bloc/home_bloc.dart
FNF:0
FNH:0
DA:14,3
DA:19,1
DA:22,1
DA:23,2
DA:27,1
DA:28,4
DA:30,1
DA:31,2
DA:32,1
DA:36,2
LF:10
LH:10
end_of_record
TN:
SF:lib/presentation/home/bloc/home_event.dart
FNF:0
FNH:0
DA:7,3
DA:10,2
DA:11,4
LF:3
LH:3
end_of_record
TN:
SF:lib/presentation/home/bloc/home_state.dart
FNF:0
FNH:0
DA:4,4
DA:8,1
DA:9,2
DA:13,9
DA:17,6
DA:21,2
LF:6
LH:6
end_of_record
TN:
SF:lib/presentation/home/home_page.dart
FNF:0
FNH:0
DA:12,1
DA:13,1
DA:25,1
DA:27,1
DA:28,3
DA:31,1
DA:33,2
DA:34,1
DA:37,1
DA:39,1
DA:40,1
DA:41,1
DA:44,1
DA:45,2
DA:46,1
DA:47,1
DA:48,1
DA:49,1
DA:50,1
DA:52,1
DA:53,1
DA:62,1
DA:63,1
DA:64,2
DA:65,1
DA:66,1
DA:67,1
DA:69,2
DA:70,1
DA:71,1
DA:73,3
DA:90,1
DA:91,3
LF:33
LH:33
end_of_record
TN:
SF:lib/presentation/home/widgets/todo_typing_widget.dart
FNF:0
FNH:0
DA:6,4
DA:10,2
DA:11,2
DA:19,2
DA:21,2
DA:22,6
DA:23,4
DA:24,8
DA:29,2
DA:31,2
DA:33,2
DA:34,2
DA:35,2
DA:36,2
DA:38,2
DA:39,2
DA:41,2
DA:58,2
DA:59,2
DA:61,2
DA:62,10
DA:63,4
DA:64,4
DA:69,6
LF:24
LH:24
end_of_record
